<?xml version="1.0" encoding="UTF-8"?>
<!-- Generated by org.testng.reporters.JUnitXMLReporter -->
<testsuite ignored="0" hostname="LAPTOP-CE7R4UV6" failures="0" tests="5" name="Surefire test" time="0.081" errors="0" timestamp="2025-03-03T16:16:06 IST">
  <testcase classname="Package1.ContactTest" name="createcontacttest" time="0.008"/>
  <testcase classname="Package1.ContactTest" name="deletecontacttest" time="0.002"/>
  <testcase classname="Package1.ContactTest" name="modifycontacttest" time="0.001"/>
  <testcase classname="Package2.OrgTest" name="createOrgtest" time="0.001"/>
  <testcase classname="Package2.OrgTest" name="modifyOrgtest" time="0.001"/>
</testsuite> <!-- Surefire test -->
