<?xml version="1.0" encoding="UTF-8"?>
<!-- Generated by org.testng.reporters.JUnitXMLReporter -->
<testsuite ignored="0" hostname="LAPTOP-CE7R4UV6" failures="0" tests="3" name="Test" time="0.104" errors="0" timestamp="2025-03-05T12:17:13 IST">
  <testcase classname="Package1.ContactTest" name="createcontacttest" time="0.0"/>
  <testcase classname="Package1.ContactTest" name="deletecontacttest" time="0.0"/>
  <testcase classname="Package1.ContactTest" name="modifycontacttest" time="0.001"/>
</testsuite> <!-- Test -->
